2023-11-26T05:06:23.058-05:00  INFO 3922 --- [restartedMain] com.project.auth.AuthApplication         : Starting AuthApplication using Java 17.0.9 with PID 3922 (/home/talibnabi/Documents/github-repos/auth-app/auth-app/target/classes started by talibnabi in /home/talibnabi/Documents/github-repos/auth-app/auth-app)
2023-11-26T05:06:23.089-05:00  INFO 3922 --- [restartedMain] com.project.auth.AuthApplication         : No active profile set, falling back to 1 default profile: "default"
2023-11-26T05:06:23.347-05:00  INFO 3922 --- [restartedMain] .e.DevToolsPropertyDefaultsPostProcessor : Devtools property defaults active! Set 'spring.devtools.add-properties' to 'false' to disable
2023-11-26T05:06:23.348-05:00  INFO 3922 --- [restartedMain] .e.DevToolsPropertyDefaultsPostProcessor : For additional web related logging consider setting the 'logging.level.web' property to 'DEBUG'
2023-11-26T05:06:26.186-05:00  INFO 3922 --- [restartedMain] .s.d.r.c.RepositoryConfigurationDelegate : Bootstrapping Spring Data JPA repositories in DEFAULT mode.
2023-11-26T05:06:26.365-05:00  INFO 3922 --- [restartedMain] .s.d.r.c.RepositoryConfigurationDelegate : Finished Spring Data repository scanning in 158 ms. Found 1 JPA repository interfaces.
2023-11-26T05:06:28.629-05:00  INFO 3922 --- [restartedMain] o.s.b.w.embedded.tomcat.TomcatWebServer  : Tomcat initialized with port(s): 8080 (http)
2023-11-26T05:06:28.651-05:00  INFO 3922 --- [restartedMain] o.apache.catalina.core.StandardService   : Starting service [Tomcat]
2023-11-26T05:06:28.652-05:00  INFO 3922 --- [restartedMain] o.apache.catalina.core.StandardEngine    : Starting Servlet engine: [Apache Tomcat/10.1.5]
2023-11-26T05:06:28.802-05:00  INFO 3922 --- [restartedMain] o.a.c.c.C.[Tomcat].[localhost].[/]       : Initializing Spring embedded WebApplicationContext
2023-11-26T05:06:28.803-05:00  INFO 3922 --- [restartedMain] w.s.c.ServletWebServerApplicationContext : Root WebApplicationContext: initialization completed in 5452 ms
2023-11-26T05:06:29.266-05:00  INFO 3922 --- [restartedMain] o.hibernate.jpa.internal.util.LogHelper  : HHH000204: Processing PersistenceUnitInfo [name: default]
2023-11-26T05:06:29.389-05:00  INFO 3922 --- [restartedMain] org.hibernate.Version                    : HHH000412: Hibernate ORM core version 6.1.7.Final
2023-11-26T05:06:30.317-05:00  INFO 3922 --- [restartedMain] com.zaxxer.hikari.HikariDataSource       : HikariPool-1 - Starting...
2023-11-26T05:06:33.766-05:00  INFO 3922 --- [restartedMain] com.zaxxer.hikari.pool.HikariPool        : HikariPool-1 - Added connection com.mysql.cj.jdbc.ConnectionImpl@7557c5a2
2023-11-26T05:06:33.773-05:00  INFO 3922 --- [restartedMain] com.zaxxer.hikari.HikariDataSource       : HikariPool-1 - Start completed.
2023-11-26T05:06:34.424-05:00  INFO 3922 --- [restartedMain] SQL dialect                              : HHH000400: Using dialect: org.hibernate.dialect.MySQLDialect
2023-11-26T05:06:37.639-05:00  INFO 3922 --- [restartedMain] o.h.e.t.j.p.i.JtaPlatformInitiator       : HHH000490: Using JtaPlatform implementation: [org.hibernate.engine.transaction.jta.platform.internal.NoJtaPlatform]
2023-11-26T05:06:37.659-05:00  INFO 3922 --- [restartedMain] j.LocalContainerEntityManagerFactoryBean : Initialized JPA EntityManagerFactory for persistence unit 'default'
2023-11-26T05:06:39.121-05:00  WARN 3922 --- [restartedMain] JpaBaseConfiguration$JpaWebConfiguration : spring.jpa.open-in-view is enabled by default. Therefore, database queries may be performed during view rendering. Explicitly configure spring.jpa.open-in-view to disable this warning
2023-11-26T05:06:41.912-05:00  INFO 3922 --- [restartedMain] o.s.s.web.DefaultSecurityFilterChain     : Will secure any request with [org.springframework.security.web.session.DisableEncodeUrlFilter@8fa0a31, org.springframework.security.web.context.request.async.WebAsyncManagerIntegrationFilter@3b396a80, org.springframework.security.web.context.SecurityContextHolderFilter@30a6b478, org.springframework.security.web.header.HeaderWriterFilter@4b0b1819, org.springframework.web.filter.CorsFilter@7eab06c7, org.springframework.security.web.authentication.logout.LogoutFilter@71c69fb2, com.project.auth.security.filter.JwtAuthFilter@39dd8060, org.springframework.security.web.savedrequest.RequestCacheAwareFilter@23ae0970, org.springframework.security.web.servletapi.SecurityContextHolderAwareRequestFilter@d1f905e, org.springframework.security.web.authentication.AnonymousAuthenticationFilter@167d38b1, org.springframework.security.web.session.SessionManagementFilter@4a680688, org.springframework.security.web.access.ExceptionTranslationFilter@6f2e1337, org.springframework.security.web.access.intercept.AuthorizationFilter@78b9693f]
2023-11-26T05:06:42.541-05:00  INFO 3922 --- [restartedMain] o.s.b.d.a.OptionalLiveReloadServer       : LiveReload server is running on port 35729
2023-11-26T05:06:42.687-05:00  INFO 3922 --- [restartedMain] o.s.b.w.embedded.tomcat.TomcatWebServer  : Tomcat started on port(s): 8080 (http) with context path ''
2023-11-26T05:06:42.718-05:00  INFO 3922 --- [restartedMain] com.project.auth.AuthApplication         : Started AuthApplication in 21.907 seconds (process running for 25.512)
2023-11-26T05:15:32.622-05:00  INFO 3922 --- [http-nio-8080-exec-1] o.a.c.c.C.[Tomcat].[localhost].[/]       : Initializing Spring DispatcherServlet 'dispatcherServlet'
2023-11-26T05:15:32.623-05:00  INFO 3922 --- [http-nio-8080-exec-1] o.s.web.servlet.DispatcherServlet        : Initializing Servlet 'dispatcherServlet'
2023-11-26T05:15:32.629-05:00  INFO 3922 --- [http-nio-8080-exec-1] o.s.web.servlet.DispatcherServlet        : Completed initialization in 5 ms
2023-11-26T05:15:35.505-05:00  INFO 3922 --- [http-nio-8080-exec-9] o.springdoc.api.AbstractOpenApiResource  : Init duration for springdoc-openapi is: 1221 ms
2023-11-26T05:21:34.006-05:00  INFO 3922 --- [SpringApplicationShutdownHook] j.LocalContainerEntityManagerFactoryBean : Closing JPA EntityManagerFactory for persistence unit 'default'
2023-11-26T05:21:34.078-05:00  INFO 3922 --- [SpringApplicationShutdownHook] com.zaxxer.hikari.HikariDataSource       : HikariPool-1 - Shutdown initiated...
2023-11-26T05:21:44.089-05:00  WARN 3922 --- [SpringApplicationShutdownHook] com.zaxxer.hikari.pool.HikariPool        : Timed-out waiting for close connection executor to shutdown
2023-11-26T05:21:44.090-05:00  INFO 3922 --- [SpringApplicationShutdownHook] com.zaxxer.hikari.HikariDataSource       : HikariPool-1 - Shutdown completed.
2023-11-26T05:22:07.153-05:00  INFO 4434 --- [restartedMain] com.project.auth.AuthApplication         : Starting AuthApplication using Java 17.0.9 with PID 4434 (/home/talibnabi/Documents/github-repos/auth-app/auth-app/target/classes started by talibnabi in /home/talibnabi/Documents/github-repos/auth-app/auth-app)
2023-11-26T05:22:07.178-05:00  INFO 4434 --- [restartedMain] com.project.auth.AuthApplication         : No active profile set, falling back to 1 default profile: "default"
2023-11-26T05:22:07.433-05:00  INFO 4434 --- [restartedMain] .e.DevToolsPropertyDefaultsPostProcessor : Devtools property defaults active! Set 'spring.devtools.add-properties' to 'false' to disable
2023-11-26T05:22:07.435-05:00  INFO 4434 --- [restartedMain] .e.DevToolsPropertyDefaultsPostProcessor : For additional web related logging consider setting the 'logging.level.web' property to 'DEBUG'
2023-11-26T05:22:11.179-05:00  INFO 4434 --- [restartedMain] .s.d.r.c.RepositoryConfigurationDelegate : Bootstrapping Spring Data JPA repositories in DEFAULT mode.
2023-11-26T05:22:11.385-05:00  INFO 4434 --- [restartedMain] .s.d.r.c.RepositoryConfigurationDelegate : Finished Spring Data repository scanning in 182 ms. Found 1 JPA repository interfaces.
2023-11-26T05:22:13.791-05:00  INFO 4434 --- [restartedMain] o.s.b.w.embedded.tomcat.TomcatWebServer  : Tomcat initialized with port(s): 8080 (http)
2023-11-26T05:22:13.822-05:00  INFO 4434 --- [restartedMain] o.apache.catalina.core.StandardService   : Starting service [Tomcat]
2023-11-26T05:22:13.824-05:00  INFO 4434 --- [restartedMain] o.apache.catalina.core.StandardEngine    : Starting Servlet engine: [Apache Tomcat/10.1.5]
2023-11-26T05:22:14.061-05:00  INFO 4434 --- [restartedMain] o.a.c.c.C.[Tomcat].[localhost].[/]       : Initializing Spring embedded WebApplicationContext
2023-11-26T05:22:14.063-05:00  INFO 4434 --- [restartedMain] w.s.c.ServletWebServerApplicationContext : Root WebApplicationContext: initialization completed in 6623 ms
2023-11-26T05:22:14.529-05:00  INFO 4434 --- [restartedMain] o.hibernate.jpa.internal.util.LogHelper  : HHH000204: Processing PersistenceUnitInfo [name: default]
2023-11-26T05:22:14.684-05:00  INFO 4434 --- [restartedMain] org.hibernate.Version                    : HHH000412: Hibernate ORM core version 6.1.7.Final
2023-11-26T05:22:15.650-05:00  INFO 4434 --- [restartedMain] com.zaxxer.hikari.HikariDataSource       : HikariPool-1 - Starting...
2023-11-26T05:22:19.329-05:00  INFO 4434 --- [restartedMain] com.zaxxer.hikari.pool.HikariPool        : HikariPool-1 - Added connection com.mysql.cj.jdbc.ConnectionImpl@1db59190
2023-11-26T05:22:19.336-05:00  INFO 4434 --- [restartedMain] com.zaxxer.hikari.HikariDataSource       : HikariPool-1 - Start completed.
2023-11-26T05:22:19.982-05:00  INFO 4434 --- [restartedMain] SQL dialect                              : HHH000400: Using dialect: org.hibernate.dialect.MySQLDialect
2023-11-26T05:22:23.424-05:00  INFO 4434 --- [restartedMain] o.h.e.t.j.p.i.JtaPlatformInitiator       : HHH000490: Using JtaPlatform implementation: [org.hibernate.engine.transaction.jta.platform.internal.NoJtaPlatform]
2023-11-26T05:22:23.450-05:00  INFO 4434 --- [restartedMain] j.LocalContainerEntityManagerFactoryBean : Initialized JPA EntityManagerFactory for persistence unit 'default'
2023-11-26T05:22:25.350-05:00  WARN 4434 --- [restartedMain] JpaBaseConfiguration$JpaWebConfiguration : spring.jpa.open-in-view is enabled by default. Therefore, database queries may be performed during view rendering. Explicitly configure spring.jpa.open-in-view to disable this warning
2023-11-26T05:22:28.111-05:00  INFO 4434 --- [restartedMain] o.s.s.web.DefaultSecurityFilterChain     : Will secure any request with [org.springframework.security.web.session.DisableEncodeUrlFilter@57c7ef2c, org.springframework.security.web.context.request.async.WebAsyncManagerIntegrationFilter@8fa0a31, org.springframework.security.web.context.SecurityContextHolderFilter@36ee248d, org.springframework.security.web.header.HeaderWriterFilter@4c7eefa5, org.springframework.web.filter.CorsFilter@3b396a80, org.springframework.security.web.authentication.logout.LogoutFilter@35fa9130, com.project.auth.security.filter.JwtAuthFilter@39d2781c, org.springframework.security.web.savedrequest.RequestCacheAwareFilter@3af0a8a2, org.springframework.security.web.servletapi.SecurityContextHolderAwareRequestFilter@5ea9f772, org.springframework.security.web.authentication.AnonymousAuthenticationFilter@7eab06c7, org.springframework.security.web.session.SessionManagementFilter@6c8d4860, org.springframework.security.web.access.ExceptionTranslationFilter@72e4d23f, org.springframework.security.web.access.intercept.AuthorizationFilter@1109cd68]
2023-11-26T05:22:29.016-05:00  INFO 4434 --- [restartedMain] o.s.b.d.a.OptionalLiveReloadServer       : LiveReload server is running on port 35729
2023-11-26T05:22:29.153-05:00  INFO 4434 --- [restartedMain] o.s.b.w.embedded.tomcat.TomcatWebServer  : Tomcat started on port(s): 8080 (http) with context path ''
2023-11-26T05:22:29.186-05:00  INFO 4434 --- [restartedMain] com.project.auth.AuthApplication         : Started AuthApplication in 25.18 seconds (process running for 28.402)
2023-11-26T05:23:05.493-05:00  INFO 4434 --- [http-nio-8080-exec-1] o.a.c.c.C.[Tomcat].[localhost].[/]       : Initializing Spring DispatcherServlet 'dispatcherServlet'
2023-11-26T05:23:05.494-05:00  INFO 4434 --- [http-nio-8080-exec-1] o.s.web.servlet.DispatcherServlet        : Initializing Servlet 'dispatcherServlet'
2023-11-26T05:23:05.500-05:00  INFO 4434 --- [http-nio-8080-exec-1] o.s.web.servlet.DispatcherServlet        : Completed initialization in 5 ms
2023-11-26T05:23:08.247-05:00  INFO 4434 --- [http-nio-8080-exec-8] o.springdoc.api.AbstractOpenApiResource  : Init duration for springdoc-openapi is: 1247 ms
2023-11-26T05:26:08.658-05:00  INFO 4434 --- [SpringApplicationShutdownHook] j.LocalContainerEntityManagerFactoryBean : Closing JPA EntityManagerFactory for persistence unit 'default'
2023-11-26T05:26:08.800-05:00  INFO 4434 --- [SpringApplicationShutdownHook] com.zaxxer.hikari.HikariDataSource       : HikariPool-1 - Shutdown initiated...
